<?xml version="1.0" encoding="UTF-8"?>
<!-- Generated by org.testng.reporters.JUnitReportReporter -->
<testsuite skipped="0" hostname="MahmoudPC" name="Facebook.Loginfb" tests="1" failures="0" timestamp="2019-10-29T12:51:37 EET" time="15.069" errors="0">
  <testcase name="logintofacebook" time="15.069" classname="Facebook.Loginfb"/>
</testsuite> <!-- Facebook.Loginfb -->
