<?xml version="1.0" encoding="UTF-8"?>
<!-- Generated by org.testng.reporters.JUnitReportReporter -->
<testsuite skipped="0" hostname="MahmoudPC" name="Facebook.Signupfb" tests="1" failures="0" timestamp="2019-10-29T13:49:48 EET" time="9.090" errors="0">
  <testcase name="signuptofacebook" time="9.090" classname="Facebook.Signupfb"/>
</testsuite> <!-- Facebook.Signupfb -->
