<?xml version="1.0" encoding="UTF-8"?>
<!-- Generated by org.testng.reporters.JUnitReportReporter -->
<testsuite skipped="0" hostname="MahmoudPC" name="Facebook.Signupfb" tests="1" failures="0" timestamp="2019-10-28T23:05:47 EET" time="11.769" errors="0">
  <testcase name="signuptofacebook" time="11.769" classname="Facebook.Signupfb"/>
</testsuite> <!-- Facebook.Signupfb -->
